  stdafx.cpp
  VideodecodeDlg.cpp
  SysinfoDlg.cpp
e:\workspace2\src.ffmpeg\trunk\ffplaymfc\ffplaymfc\sysinfodlg.cpp(426): warning C4244: '=' : conversion from 'const int' to 'float', possible loss of data
  ffplaymfcDlg.cpp
e:\workspace2\src.ffmpeg\trunk\ffplaymfc\ffplaymfc\ffplaymfcdlg.cpp(560): warning C4996: 'strcat': This function or variable may be unsafe. Consider using strcat_s instead. To disable deprecation, use _CRT_SECURE_NO_WARNINGS. See online help for details.
          c:\program files (x86)\microsoft visual studio 10.0\vc\include\string.h(110) : see declaration of 'strcat'
e:\workspace2\src.ffmpeg\trunk\ffplaymfc\ffplaymfc\ffplaymfcdlg.cpp(588): warning C4996: 'strcat': This function or variable may be unsafe. Consider using strcat_s instead. To disable deprecation, use _CRT_SECURE_NO_WARNINGS. See online help for details.
          c:\program files (x86)\microsoft visual studio 10.0\vc\include\string.h(110) : see declaration of 'strcat'
  ffplaymfc.cpp
e:\workspace2\src.ffmpeg\trunk\ffplaymfc\ffplaymfc\ffplaymfc.cpp(122): warning C4996: 'strcat': This function or variable may be unsafe. Consider using strcat_s instead. To disable deprecation, use _CRT_SECURE_NO_WARNINGS. See online help for details.
          c:\program files (x86)\microsoft visual studio 10.0\vc\include\string.h(110) : see declaration of 'strcat'
  ffplaycore.cpp
e:\workspace2\src.ffmpeg\trunk\ffplaymfc\ffplaymfc\ffplaycore.cpp(390): warning C4244: '=' : conversion from 'int' to 'float', possible loss of data
e:\workspace2\src.ffmpeg\trunk\ffplaymfc\ffplaymfc\ffplaycore.cpp(429): warning C4244: '=' : conversion from 'int64_t' to 'float', possible loss of data
e:\workspace2\src.ffmpeg\trunk\ffplaymfc\ffplaymfc\ffplaycore.cpp(432): warning C4244: '=' : conversion from 'int64_t' to 'int', possible loss of data
e:\workspace2\src.ffmpeg\trunk\ffplaymfc\ffplaymfc\ffplaycore.cpp(577): warning C4996: 'AVFrame::reference': was declared deprecated
          e:\workspace2\src.ffmpeg\trunk\ffplaymfc\ffplaymfc\include\libavutil\frame.h(253) : see declaration of 'AVFrame::reference'
e:\workspace2\src.ffmpeg\trunk\ffplaymfc\ffplaymfc\ffplaycore.cpp(1021): warning C4244: '=' : conversion from 'double' to 'float', possible loss of data
e:\workspace2\src.ffmpeg\trunk\ffplaymfc\ffplaymfc\ffplaycore.cpp(1076): warning C4018: '<' : signed/unsigned mismatch
e:\workspace2\src.ffmpeg\trunk\ffplaymfc\ffplaymfc\ffplaycore.cpp(1122): warning C4244: '=' : conversion from 'int64_t' to 'int16_t', possible loss of data
e:\workspace2\src.ffmpeg\trunk\ffplaymfc\ffplaymfc\ffplaycore.cpp(1209): warning C4244: '=' : conversion from 'double' to 'FFTSample', possible loss of data
e:\workspace2\src.ffmpeg\trunk\ffplaymfc\ffplaymfc\ffplaycore.cpp(1219): warning C4244: 'initializing' : conversion from 'double' to 'int', possible loss of data
e:\workspace2\src.ffmpeg\trunk\ffplaymfc\ffplaymfc\ffplaycore.cpp(1221): warning C4244: 'initializing' : conversion from 'double' to 'int', possible loss of data
e:\workspace2\src.ffmpeg\trunk\ffplaymfc\ffplaymfc\ffplaycore.cpp(1562): warning C4305: '=' : truncation from 'int64_t' to 'double'
e:\workspace2\src.ffmpeg\trunk\ffplaymfc\ffplaymfc\ffplaycore.cpp(1700): warning C4244: 'initializing' : conversion from 'double' to 'int', possible loss of data
e:\workspace2\src.ffmpeg\trunk\ffplaymfc\ffplaymfc\ffplaycore.cpp(1705): warning C4244: '=' : conversion from 'double' to 'int', possible loss of data
e:\workspace2\src.ffmpeg\trunk\ffplaymfc\ffplaymfc\ffplaycore.cpp(1917): warning C4305: '=' : truncation from 'int64_t' to 'double'
e:\workspace2\src.ffmpeg\trunk\ffplaymfc\ffplaymfc\ffplaycore.cpp(1920): warning C4305: '=' : truncation from 'int64_t' to 'double'
e:\workspace2\src.ffmpeg\trunk\ffplaymfc\ffplaymfc\ffplaycore.cpp(2073): warning C4996: 'avcodec_alloc_frame': was declared deprecated
          e:\workspace2\src.ffmpeg\trunk\ffplaymfc\ffplaymfc\include\libavcodec\avcodec.h(3491) : see declaration of 'avcodec_alloc_frame'
e:\workspace2\src.ffmpeg\trunk\ffplaymfc\ffplaymfc\ffplaycore.cpp(2102): warning C4996: 'avcodec_get_frame_defaults': was declared deprecated
          e:\workspace2\src.ffmpeg\trunk\ffplaymfc\ffplaymfc\include\libavcodec\avcodec.h(3501) : see declaration of 'avcodec_get_frame_defaults'
e:\workspace2\src.ffmpeg\trunk\ffplaymfc\ffplaymfc\ffplaycore.cpp(2206): warning C4996: 'avcodec_free_frame': was declared deprecated
          e:\workspace2\src.ffmpeg\trunk\ffplaymfc\ffplaymfc\include\libavcodec\avcodec.h(3516) : see declaration of 'avcodec_free_frame'
e:\workspace2\src.ffmpeg\trunk\ffplaymfc\ffplaymfc\ffplaycore.cpp(2256): warning C4018: '<' : signed/unsigned mismatch
e:\workspace2\src.ffmpeg\trunk\ffplaymfc\ffplaymfc\ffplaycore.cpp(2361): warning C4996: 'avcodec_alloc_frame': was declared deprecated
          e:\workspace2\src.ffmpeg\trunk\ffplaymfc\ffplaymfc\include\libavcodec\avcodec.h(3491) : see declaration of 'avcodec_alloc_frame'
e:\workspace2\src.ffmpeg\trunk\ffplaymfc\ffplaymfc\ffplaycore.cpp(2364): warning C4996: 'avcodec_get_frame_defaults': was declared deprecated
          e:\workspace2\src.ffmpeg\trunk\ffplaymfc\ffplaymfc\include\libavcodec\avcodec.h(3501) : see declaration of 'avcodec_get_frame_defaults'
e:\workspace2\src.ffmpeg\trunk\ffplaymfc\ffplaymfc\ffplaycore.cpp(2417): warning C4244: '=' : conversion from 'int64_t' to 'int', possible loss of data
e:\workspace2\src.ffmpeg\trunk\ffplaymfc\ffplaymfc\ffplaycore.cpp(2509): warning C4018: '>=' : signed/unsigned mismatch
e:\workspace2\src.ffmpeg\trunk\ffplaymfc\ffplaymfc\ffplaycore.cpp(2586): warning C4244: '=' : conversion from 'int64_t' to 'int', possible loss of data
e:\workspace2\src.ffmpeg\trunk\ffplaymfc\ffplaymfc\ffplaycore.cpp(2601): warning C4018: '>=' : signed/unsigned mismatch
e:\workspace2\src.ffmpeg\trunk\ffplaymfc\ffplaymfc\ffplaycore.cpp(2705): warning C4018: '>=' : signed/unsigned mismatch
e:\workspace2\src.ffmpeg\trunk\ffplaymfc\ffplaymfc\ffplaycore.cpp(2720): warning C4996: 'avcodec_free_frame': was declared deprecated
          e:\workspace2\src.ffmpeg\trunk\ffplaymfc\ffplaymfc\include\libavcodec\avcodec.h(3516) : see declaration of 'avcodec_free_frame'
e:\workspace2\src.ffmpeg\trunk\ffplaymfc\ffplaymfc\ffplaycore.cpp(2902): warning C4018: '<' : signed/unsigned mismatch
e:\workspace2\src.ffmpeg\trunk\ffplaymfc\ffplaymfc\ffplaycore.cpp(2904): warning C4101: 'zhenlv' : unreferenced local variable
e:\workspace2\src.ffmpeg\trunk\ffplaymfc\ffplaymfc\ffplaycore.cpp(3194): warning C4018: '>=' : signed/unsigned mismatch
e:\workspace2\src.ffmpeg\trunk\ffplaymfc\ffplaymfc\ffplaycore.cpp(3465): warning C4244: '=' : conversion from 'int64_t' to 'double', possible loss of data
e:\workspace2\src.ffmpeg\trunk\ffplaymfc\ffplaymfc\ffplaycore.cpp(3467): warning C4244: '=' : conversion from 'int64_t' to 'double', possible loss of data
e:\workspace2\src.ffmpeg\trunk\ffplaymfc\ffplaymfc\ffplaycore.cpp(3469): warning C4244: '=' : conversion from 'int64_t' to 'double', possible loss of data
e:\workspace2\src.ffmpeg\trunk\ffplaymfc\ffplaymfc\ffplaycore.cpp(3475): warning C4244: 'argument' : conversion from 'double' to 'int64_t', possible loss of data
e:\workspace2\src.ffmpeg\trunk\ffplaymfc\ffplaymfc\ffplaycore.cpp(3475): warning C4244: 'argument' : conversion from 'double' to 'int64_t', possible loss of data
e:\workspace2\src.ffmpeg\trunk\ffplaymfc\ffplaymfc\ffplaycore.cpp(3505): warning C4244: 'argument' : conversion from 'double' to 'int64_t', possible loss of data
e:\workspace2\src.ffmpeg\trunk\ffplaymfc\ffplaymfc\ffplaycore.cpp(3510): warning C4244: '=' : conversion from '__int64' to 'int', possible loss of data
e:\workspace2\src.ffmpeg\trunk\ffplaymfc\ffplaymfc\ffplaycore.cpp(3515): warning C4244: '=' : conversion from 'double' to 'int', possible loss of data
e:\workspace2\src.ffmpeg\trunk\ffplaymfc\ffplaymfc\ffplaycore.cpp(3521): warning C4244: '=' : conversion from 'double' to 'int64_t', possible loss of data
e:\workspace2\src.ffmpeg\trunk\ffplaymfc\ffplaymfc\ffplaycore.cpp(3559): warning C4244: '=' : conversion from 'double' to 'int64_t', possible loss of data
e:\workspace2\src.ffmpeg\trunk\ffplaymfc\ffplaymfc\ffplaycore.cpp(3588): warning C4244: '=' : conversion from 'double' to 'int', possible loss of data
e:\workspace2\src.ffmpeg\trunk\ffplaymfc\ffplaymfc\ffplaycore.cpp(3594): warning C4244: '=' : conversion from 'double' to 'int', possible loss of data
  cmdutils.cpp
e:\workspace2\src.ffmpeg\trunk\ffplaymfc\ffplaymfc\cmdutils.cpp(328): warning C4244: '=' : conversion from 'double' to 'int', possible loss of data
e:\workspace2\src.ffmpeg\trunk\ffplaymfc\ffplaymfc\cmdutils.cpp(330): warning C4305: 'argument' : truncation from '__int64' to 'double'
e:\workspace2\src.ffmpeg\trunk\ffplaymfc\ffplaymfc\cmdutils.cpp(330): warning C4305: 'argument' : truncation from '__int64' to 'double'
e:\workspace2\src.ffmpeg\trunk\ffplaymfc\ffplaymfc\cmdutils.cpp(330): warning C4244: '=' : conversion from 'double' to 'int64_t', possible loss of data
e:\workspace2\src.ffmpeg\trunk\ffplaymfc\ffplaymfc\cmdutils.cpp(334): warning C4244: '=' : conversion from 'double' to 'float', possible loss of data
e:\workspace2\src.ffmpeg\trunk\ffplaymfc\ffplaymfc\cmdutils.cpp(440): warning C4996: 'getenv': This function or variable may be unsafe. Consider using _dupenv_s instead. To disable deprecation, use _CRT_SECURE_NO_WARNINGS. See online help for details.
          c:\program files (x86)\microsoft visual studio 10.0\vc\include\stdlib.h(433) : see declaration of 'getenv'
e:\workspace2\src.ffmpeg\trunk\ffplaymfc\ffplaymfc\cmdutils.cpp(460): warning C4101: 'swr_class' : unreferenced local variable
e:\workspace2\src.ffmpeg\trunk\ffplaymfc\ffplaymfc\cmdutils.cpp(460): warning C4101: 'sc' : unreferenced local variable
e:\workspace2\src.ffmpeg\trunk\ffplaymfc\ffplaymfc\cmdutils.cpp(548): warning C4996: 'localtime': This function or variable may be unsafe. Consider using localtime_s instead. To disable deprecation, use _CRT_SECURE_NO_WARNINGS. See online help for details.
          c:\program files (x86)\microsoft visual studio 10.0\vc\include\time.inl(112) : see declaration of 'localtime'
e:\workspace2\src.ffmpeg\trunk\ffplaymfc\ffplaymfc\cmdutils.cpp(552): warning C4996: '_snprintf': This function or variable may be unsafe. Consider using _snprintf_s instead. To disable deprecation, use _CRT_SECURE_NO_WARNINGS. See online help for details.
          c:\program files (x86)\microsoft visual studio 10.0\vc\include\stdio.h(363) : see declaration of '_snprintf'
e:\workspace2\src.ffmpeg\trunk\ffplaymfc\ffplaymfc\cmdutils.cpp(553): warning C4996: 'fopen': This function or variable may be unsafe. Consider using fopen_s instead. To disable deprecation, use _CRT_SECURE_NO_WARNINGS. See online help for details.
          c:\program files (x86)\microsoft visual studio 10.0\vc\include\stdio.h(234) : see declaration of 'fopen'
e:\workspace2\src.ffmpeg\trunk\ffplaymfc\ffplaymfc\cmdutils.cpp(556): warning C4996: 'strerror': This function or variable may be unsafe. Consider using strerror_s instead. To disable deprecation, use _CRT_SECURE_NO_WARNINGS. See online help for details.
          c:\program files (x86)\microsoft visual studio 10.0\vc\include\string.h(157) : see declaration of 'strerror'
e:\workspace2\src.ffmpeg\trunk\ffplaymfc\ffplaymfc\cmdutils.cpp(622): warning C4996: 'strerror': This function or variable may be unsafe. Consider using strerror_s instead. To disable deprecation, use _CRT_SECURE_NO_WARNINGS. See online help for details.
          c:\program files (x86)\microsoft visual studio 10.0\vc\include\string.h(157) : see declaration of 'strerror'
e:\workspace2\src.ffmpeg\trunk\ffplaymfc\ffplaymfc\cmdutils.cpp(876): warning C4996: '_snprintf': This function or variable may be unsafe. Consider using _snprintf_s instead. To disable deprecation, use _CRT_SECURE_NO_WARNINGS. See online help for details.
          c:\program files (x86)\microsoft visual studio 10.0\vc\include\stdio.h(363) : see declaration of '_snprintf'
e:\workspace2\src.ffmpeg\trunk\ffplaymfc\ffplaymfc\cmdutils.cpp(1085): warning C4101: 'descr' : unreferenced local variable
e:\workspace2\src.ffmpeg\trunk\ffplaymfc\ffplaymfc\cmdutils.cpp(1086): warning C4101: 'i' : unreferenced local variable
e:\workspace2\src.ffmpeg\trunk\ffplaymfc\ffplaymfc\cmdutils.cpp(1085): warning C4101: 'descr_cur' : unreferenced local variable
e:\workspace2\src.ffmpeg\trunk\ffplaymfc\ffplaymfc\cmdutils.cpp(1087): warning C4101: 'pad' : unreferenced local variable
e:\workspace2\src.ffmpeg\trunk\ffplaymfc\ffplaymfc\cmdutils.cpp(1086): warning C4101: 'j' : unreferenced local variable
e:\workspace2\src.ffmpeg\trunk\ffplaymfc\ffplaymfc\cmdutils.cpp(1136): warning C4996: 'av_pix_fmt_descriptors': was declared deprecated
          e:\workspace2\src.ffmpeg\trunk\ffplaymfc\ffplaymfc\include\libavutil\pixdesc.h(144) : see declaration of 'av_pix_fmt_descriptors'
e:\workspace2\src.ffmpeg\trunk\ffplaymfc\ffplaymfc\cmdutils.cpp(1117): warning C4101: 'i' : unreferenced local variable
e:\workspace2\src.ffmpeg\trunk\ffplaymfc\ffplaymfc\cmdutils.cpp(1116): warning C4101: 'pix_fmt' : unreferenced local variable
e:\workspace2\src.ffmpeg\trunk\ffplaymfc\ffplaymfc\cmdutils.cpp(1318): warning C4996: 'fopen': This function or variable may be unsafe. Consider using fopen_s instead. To disable deprecation, use _CRT_SECURE_NO_WARNINGS. See online help for details.
          c:\program files (x86)\microsoft visual studio 10.0\vc\include\stdio.h(234) : see declaration of 'fopen'
e:\workspace2\src.ffmpeg\trunk\ffplaymfc\ffplaymfc\cmdutils.cpp(1322): warning C4996: 'strerror': This function or variable may be unsafe. Consider using strerror_s instead. To disable deprecation, use _CRT_SECURE_NO_WARNINGS. See online help for details.
          c:\program files (x86)\microsoft visual studio 10.0\vc\include\string.h(157) : see declaration of 'strerror'
e:\workspace2\src.ffmpeg\trunk\ffplaymfc\ffplaymfc\cmdutils.cpp(1335): warning C4018: '<' : signed/unsigned mismatch
e:\workspace2\src.ffmpeg\trunk\ffplaymfc\ffplaymfc\cmdutils.cpp(1339): warning C4996: 'strerror': This function or variable may be unsafe. Consider using strerror_s instead. To disable deprecation, use _CRT_SECURE_NO_WARNINGS. See online help for details.
          c:\program files (x86)\microsoft visual studio 10.0\vc\include\string.h(157) : see declaration of 'strerror'
e:\workspace2\src.ffmpeg\trunk\ffplaymfc\ffplaymfc\cmdutils.cpp(1358): warning C4996: 'getenv': This function or variable may be unsafe. Consider using _dupenv_s instead. To disable deprecation, use _CRT_SECURE_NO_WARNINGS. See online help for details.
          c:\program files (x86)\microsoft visual studio 10.0\vc\include\stdlib.h(433) : see declaration of 'getenv'
e:\workspace2\src.ffmpeg\trunk\ffplaymfc\ffplaymfc\cmdutils.cpp(1359): warning C4996: 'getenv': This function or variable may be unsafe. Consider using _dupenv_s instead. To disable deprecation, use _CRT_SECURE_NO_WARNINGS. See online help for details.
          c:\program files (x86)\microsoft visual studio 10.0\vc\include\stdlib.h(433) : see declaration of 'getenv'
e:\workspace2\src.ffmpeg\trunk\ffplaymfc\ffplaymfc\cmdutils.cpp(1364): warning C4996: 'fopen': This function or variable may be unsafe. Consider using fopen_s instead. To disable deprecation, use _CRT_SECURE_NO_WARNINGS. See online help for details.
          c:\program files (x86)\microsoft visual studio 10.0\vc\include\stdio.h(234) : see declaration of 'fopen'
e:\workspace2\src.ffmpeg\trunk\ffplaymfc\ffplaymfc\cmdutils.cpp(1378): warning C4996: 'strncat': This function or variable may be unsafe. Consider using strncat_s instead. To disable deprecation, use _CRT_SECURE_NO_WARNINGS. See online help for details.
          c:\program files (x86)\microsoft visual studio 10.0\vc\include\string.h(175) : see declaration of 'strncat'
e:\workspace2\src.ffmpeg\trunk\ffplaymfc\ffplaymfc\cmdutils.cpp(1387): warning C4996: '_snprintf': This function or variable may be unsafe. Consider using _snprintf_s instead. To disable deprecation, use _CRT_SECURE_NO_WARNINGS. See online help for details.
          c:\program files (x86)\microsoft visual studio 10.0\vc\include\stdio.h(363) : see declaration of '_snprintf'
e:\workspace2\src.ffmpeg\trunk\ffplaymfc\ffplaymfc\cmdutils.cpp(1388): warning C4996: 'fopen': This function or variable may be unsafe. Consider using fopen_s instead. To disable deprecation, use _CRT_SECURE_NO_WARNINGS. See online help for details.
          c:\program files (x86)\microsoft visual studio 10.0\vc\include\stdio.h(234) : see declaration of 'fopen'
e:\workspace2\src.ffmpeg\trunk\ffplaymfc\ffplaymfc\cmdutils.cpp(1393): warning C4996: '_snprintf': This function or variable may be unsafe. Consider using _snprintf_s instead. To disable deprecation, use _CRT_SECURE_NO_WARNINGS. See online help for details.
          c:\program files (x86)\microsoft visual studio 10.0\vc\include\stdio.h(363) : see declaration of '_snprintf'
e:\workspace2\src.ffmpeg\trunk\ffplaymfc\ffplaymfc\cmdutils.cpp(1394): warning C4996: 'fopen': This function or variable may be unsafe. Consider using fopen_s instead. To disable deprecation, use _CRT_SECURE_NO_WARNINGS. See online help for details.
          c:\program files (x86)\microsoft visual studio 10.0\vc\include\stdio.h(234) : see declaration of 'fopen'
e:\workspace2\src.ffmpeg\trunk\ffplaymfc\ffplaymfc\cmdutils.cpp(1482): warning C4018: '<' : signed/unsigned mismatch
e:\workspace2\src.ffmpeg\trunk\ffplaymfc\ffplaymfc\cmdutils.cpp(1511): warning C4996: 'av_pix_fmt_descriptors': was declared deprecated
          e:\workspace2\src.ffmpeg\trunk\ffplaymfc\ffplaymfc\include\libavutil\pixdesc.h(144) : see declaration of 'av_pix_fmt_descriptors'
e:\workspace2\src.ffmpeg\trunk\ffplaymfc\ffplaymfc\cmdutils.cpp(1586): warning C4996: 'AVFrame::type': was declared deprecated
          e:\workspace2\src.ffmpeg\trunk\ffplaymfc\ffplaymfc\include\libavutil\frame.h(321) : see declaration of 'AVFrame::type'
e:\workspace2\src.ffmpeg\trunk\ffplaymfc\ffplaymfc\cmdutils.cpp(1588): warning C4996: 'AVCodecContext::pkt': was declared deprecated
          e:\workspace2\src.ffmpeg\trunk\ffplaymfc\ffplaymfc\include\libavcodec\avcodec.h(2958) : see declaration of 'AVCodecContext::pkt'
e:\workspace2\src.ffmpeg\trunk\ffplaymfc\ffplaymfc\cmdutils.cpp(1588): warning C4996: 'AVCodecContext::pkt': was declared deprecated
          e:\workspace2\src.ffmpeg\trunk\ffplaymfc\ffplaymfc\include\libavcodec\avcodec.h(2958) : see declaration of 'AVCodecContext::pkt'
e:\workspace2\src.ffmpeg\trunk\ffplaymfc\ffplaymfc\cmdutils.cpp(1595): warning C4996: 'AVFrame::base': was declared deprecated
          e:\workspace2\src.ffmpeg\trunk\ffplaymfc\ffplaymfc\include\libavutil\frame.h(212) : see declaration of 'AVFrame::base'
e:\workspace2\src.ffmpeg\trunk\ffplaymfc\ffplaymfc\cmdutils.cpp(1624): warning C4996: 'AVFrame::type': was declared deprecated
          e:\workspace2\src.ffmpeg\trunk\ffplaymfc\ffplaymfc\include\libavutil\frame.h(321) : see declaration of 'AVFrame::type'
e:\workspace2\src.ffmpeg\trunk\ffplaymfc\ffplaymfc\cmdutils.cpp(1625): warning C4996: 'avcodec_default_release_buffer': was declared deprecated
          e:\workspace2\src.ffmpeg\trunk\ffplaymfc\ffplaymfc\include\libavcodec\avcodec.h(3814) : see declaration of 'avcodec_default_release_buffer'
  AudiodecodeDlg.cpp
  Generating Code...
  ffplaymfc.vcxproj -> E:\workspace2\src.ffmpeg\trunk\ffplaymfc\Debug\ffplaymfc.exe
